<?xml version="1.0" encoding="UTF-8"?>
<!-- Generated by org.testng.reporters.JUnitReportReporter -->
<testsuite hostname="DESKTOP-HOCPTKL" failures="0" tests="1" name="testingbaba.TestingBaba" time="5.692" errors="0" timestamp="2025-05-08T12:42:03 IST" skipped="0">
  <testcase classname="testingbaba.TestingBaba" name="launchUrl" time="5.692"/>
</testsuite> <!-- testingbaba.TestingBaba -->
